[2015-04-22 14:10:33] local.ERROR: exception 'Swift_TransportException' with message 'Cannot send message without a sender address' in /home/user/projects/laravel/Hotel/vendor/swiftmailer/swiftmailer/lib/classes/Swift/Transport/AbstractSmtpTransport.php:162
Stack trace:
#0 /home/user/projects/laravel/Hotel/vendor/swiftmailer/swiftmailer/lib/classes/Swift/Mailer.php(85): Swift_Transport_AbstractSmtpTransport->send(Object(Swift_Message), Array)
#1 /home/user/projects/laravel/Hotel/vendor/laravel/framework/src/Illuminate/Mail/Mailer.php(352): Swift_Mailer->send(Object(Swift_Message), Array)
#2 /home/user/projects/laravel/Hotel/vendor/laravel/framework/src/Illuminate/Mail/Mailer.php(166): Illuminate\Mail\Mailer->sendSwiftMessage(Object(Swift_Message))
#3 /home/user/projects/laravel/Hotel/vendor/laravel/framework/src/Illuminate/Auth/Passwords/PasswordBroker.php(116): Illuminate\Mail\Mailer->send('emails.password', Array, Object(Closure))
#4 /home/user/projects/laravel/Hotel/vendor/laravel/framework/src/Illuminate/Auth/Passwords/PasswordBroker.php(91): Illuminate\Auth\Passwords\PasswordBroker->emailResetLink(Object(App\User), '90039e40adca371...', Object(Closure))
#5 /home/user/projects/laravel/Hotel/vendor/compiled.php(2069): Illuminate\Auth\Passwords\PasswordBroker->sendResetLink(Array, Object(Closure))
#6 [internal function]: App\Http\Controllers\Auth\PasswordController->postEmail(Object(Illuminate\Http\Request))
#7 /home/user/projects/laravel/Hotel/vendor/compiled.php(8338): call_user_func_array(Array, Array)
#8 /home/user/projects/laravel/Hotel/vendor/compiled.php(8405): Illuminate\Routing\Controller->callAction('postEmail', Array)
#9 /home/user/projects/laravel/Hotel/vendor/compiled.php(8384): Illuminate\Routing\ControllerDispatcher->call(Object(App\Http\Controllers\Auth\PasswordController), Object(Illuminate\Routing\Route), 'postEmail')
#10 [internal function]: Illuminate\Routing\ControllerDispatcher->Illuminate\Routing\{closure}(Object(Illuminate\Http\Request))
#11 /home/user/projects/laravel/Hotel/vendor/compiled.php(9003): call_user_func(Object(Closure), Object(Illuminate\Http\Request))
#12 /home/user/projects/laravel/Hotel/app/Http/Middleware/RedirectIfAuthenticated.php(41): Illuminate\Pipeline\Pipeline->Illuminate\Pipeline\{closure}(Object(Illuminate\Http\Request))
#13 /home/user/projects/laravel/Hotel/vendor/compiled.php(8995): App\Http\Middleware\RedirectIfAuthenticated->handle(Object(Illuminate\Http\Request), Object(Closure))
#14 [internal function]: Illuminate\Pipeline\Pipeline->Illuminate\Pipeline\{closure}(Object(Illuminate\Http\Request))
#15 /home/user/projects/laravel/Hotel/vendor/compiled.php(8986): call_user_func(Object(Closure), Object(Illuminate\Http\Request))
#16 /home/user/projects/laravel/Hotel/vendor/compiled.php(8385): Illuminate\Pipeline\Pipeline->then(Object(Closure))
#17 /home/user/projects/laravel/Hotel/vendor/compiled.php(8371): Illuminate\Routing\ControllerDispatcher->callWithinStack(Object(App\Http\Controllers\Auth\PasswordController), Object(Illuminate\Routing\Route), Object(Illuminate\Http\Request), 'postEmail')
#18 /home/user/projects/laravel/Hotel/vendor/compiled.php(7368): Illuminate\Routing\ControllerDispatcher->dispatch(Object(Illuminate\Routing\Route), Object(Illuminate\Http\Request), 'App\\Http\\Contro...', 'postEmail')
#19 /home/user/projects/laravel/Hotel/vendor/compiled.php(7339): Illuminate\Routing\Route->runWithCustomDispatcher(Object(Illuminate\Http\Request))
#20 /home/user/projects/laravel/Hotel/vendor/compiled.php(7005): Illuminate\Routing\Route->run(Object(Illuminate\Http\Request))
#21 [internal function]: Illuminate\Routing\Router->Illuminate\Routing\{closure}(Object(Illuminate\Http\Request))
#22 /home/user/projects/laravel/Hotel/vendor/compiled.php(9003): call_user_func(Object(Closure), Object(Illuminate\Http\Request))
#23 [internal function]: Illuminate\Pipeline\Pipeline->Illuminate\Pipeline\{closure}(Object(Illuminate\Http\Request))
#24 /home/user/projects/laravel/Hotel/vendor/compiled.php(8986): call_user_func(Object(Closure), Object(Illuminate\Http\Request))
#25 /home/user/projects/laravel/Hotel/vendor/compiled.php(7006): Illuminate\Pipeline\Pipeline->then(Object(Closure))
#26 /home/user/projects/laravel/Hotel/vendor/compiled.php(6995): Illuminate\Routing\Router->runRouteWithinStack(Object(Illuminate\Routing\Route), Object(Illuminate\Http\Request))
#27 /home/user/projects/laravel/Hotel/vendor/compiled.php(6980): Illuminate\Routing\Router->dispatchToRoute(Object(Illuminate\Http\Request))
#28 /home/user/projects/laravel/Hotel/vendor/compiled.php(1974): Illuminate\Routing\Router->dispatch(Object(Illuminate\Http\Request))
#29 [internal function]: Illuminate\Foundation\Http\Kernel->Illuminate\Foundation\Http\{closure}(Object(Illuminate\Http\Request))
#30 /home/user/projects/laravel/Hotel/vendor/compiled.php(9003): call_user_func(Object(Closure), Object(Illuminate\Http\Request))
#31 /home/user/projects/laravel/Hotel/vendor/compiled.php(2477): Illuminate\Pipeline\Pipeline->Illuminate\Pipeline\{closure}(Object(Illuminate\Http\Request))
#32 /home/user/projects/laravel/Hotel/app/Http/Middleware/VerifyCsrfToken.php(17): Illuminate\Foundation\Http\Middleware\VerifyCsrfToken->handle(Object(Illuminate\Http\Request), Object(Closure))
#33 /home/user/projects/laravel/Hotel/vendor/compiled.php(8995): App\Http\Middleware\VerifyCsrfToken->handle(Object(Illuminate\Http\Request), Object(Closure))
#34 /home/user/projects/laravel/Hotel/vendor/compiled.php(12131): Illuminate\Pipeline\Pipeline->Illuminate\Pipeline\{closure}(Object(Illuminate\Http\Request))
#35 /home/user/projects/laravel/Hotel/vendor/compiled.php(8995): Illuminate\View\Middleware\ShareErrorsFromSession->handle(Object(Illuminate\Http\Request), Object(Closure))
#36 /home/user/projects/laravel/Hotel/vendor/compiled.php(10833): Illuminate\Pipeline\Pipeline->Illuminate\Pipeline\{closure}(Object(Illuminate\Http\Request))
#37 /home/user/projects/laravel/Hotel/vendor/compiled.php(8995): Illuminate\Session\Middleware\StartSession->handle(Object(Illuminate\Http\Request), Object(Closure))
#38 /home/user/projects/laravel/Hotel/vendor/compiled.php(11837): Illuminate\Pipeline\Pipeline->Illuminate\Pipeline\{closure}(Object(Illuminate\Http\Request))
#39 /home/user/projects/laravel/Hotel/vendor/compiled.php(8995): Illuminate\Cookie\Middleware\AddQueuedCookiesToResponse->handle(Object(Illuminate\Http\Request), Object(Closure))
#40 /home/user/projects/laravel/Hotel/vendor/compiled.php(11786): Illuminate\Pipeline\Pipeline->Illuminate\Pipeline\{closure}(Object(Illuminate\Http\Request))
#41 /home/user/projects/laravel/Hotel/vendor/compiled.php(8995): Illuminate\Cookie\Middleware\EncryptCookies->handle(Object(Illuminate\Http\Request), Object(Closure))
#42 /home/user/projects/laravel/Hotel/vendor/compiled.php(2517): Illuminate\Pipeline\Pipeline->Illuminate\Pipeline\{closure}(Object(Illuminate\Http\Request))
#43 /home/user/projects/laravel/Hotel/vendor/compiled.php(8995): Illuminate\Foundation\Http\Middleware\CheckForMaintenanceMode->handle(Object(Illuminate\Http\Request), Object(Closure))
#44 [internal function]: Illuminate\Pipeline\Pipeline->Illuminate\Pipeline\{closure}(Object(Illuminate\Http\Request))
#45 /home/user/projects/laravel/Hotel/vendor/compiled.php(8986): call_user_func(Object(Closure), Object(Illuminate\Http\Request))
#46 /home/user/projects/laravel/Hotel/vendor/compiled.php(1930): Illuminate\Pipeline\Pipeline->then(Object(Closure))
#47 /home/user/projects/laravel/Hotel/vendor/compiled.php(1917): Illuminate\Foundation\Http\Kernel->sendRequestThroughRouter(Object(Illuminate\Http\Request))
#48 /home/user/projects/laravel/Hotel/public/index.php(53): Illuminate\Foundation\Http\Kernel->handle(Object(Illuminate\Http\Request))
#49 /home/user/projects/laravel/Hotel/server.php(21): require_once('/home/user/proj...')
#50 {main}  
[2015-04-22 14:10:43] local.ERROR: exception 'Swift_TransportException' with message 'Cannot send message without a sender address' in /home/user/projects/laravel/Hotel/vendor/swiftmailer/swiftmailer/lib/classes/Swift/Transport/AbstractSmtpTransport.php:162
Stack trace:
#0 /home/user/projects/laravel/Hotel/vendor/swiftmailer/swiftmailer/lib/classes/Swift/Mailer.php(85): Swift_Transport_AbstractSmtpTransport->send(Object(Swift_Message), Array)
#1 /home/user/projects/laravel/Hotel/vendor/laravel/framework/src/Illuminate/Mail/Mailer.php(352): Swift_Mailer->send(Object(Swift_Message), Array)
#2 /home/user/projects/laravel/Hotel/vendor/laravel/framework/src/Illuminate/Mail/Mailer.php(166): Illuminate\Mail\Mailer->sendSwiftMessage(Object(Swift_Message))
#3 /home/user/projects/laravel/Hotel/vendor/laravel/framework/src/Illuminate/Auth/Passwords/PasswordBroker.php(116): Illuminate\Mail\Mailer->send('emails.password', Array, Object(Closure))
#4 /home/user/projects/laravel/Hotel/vendor/laravel/framework/src/Illuminate/Auth/Passwords/PasswordBroker.php(91): Illuminate\Auth\Passwords\PasswordBroker->emailResetLink(Object(App\User), '0fd75638e422571...', Object(Closure))
#5 /home/user/projects/laravel/Hotel/vendor/compiled.php(2069): Illuminate\Auth\Passwords\PasswordBroker->sendResetLink(Array, Object(Closure))
#6 [internal function]: App\Http\Controllers\Auth\PasswordController->postEmail(Object(Illuminate\Http\Request))
#7 /home/user/projects/laravel/Hotel/vendor/compiled.php(8338): call_user_func_array(Array, Array)
#8 /home/user/projects/laravel/Hotel/vendor/compiled.php(8405): Illuminate\Routing\Controller->callAction('postEmail', Array)
#9 /home/user/projects/laravel/Hotel/vendor/compiled.php(8384): Illuminate\Routing\ControllerDispatcher->call(Object(App\Http\Controllers\Auth\PasswordController), Object(Illuminate\Routing\Route), 'postEmail')
#10 [internal function]: Illuminate\Routing\ControllerDispatcher->Illuminate\Routing\{closure}(Object(Illuminate\Http\Request))
#11 /home/user/projects/laravel/Hotel/vendor/compiled.php(9003): call_user_func(Object(Closure), Object(Illuminate\Http\Request))
#12 /home/user/projects/laravel/Hotel/app/Http/Middleware/RedirectIfAuthenticated.php(41): Illuminate\Pipeline\Pipeline->Illuminate\Pipeline\{closure}(Object(Illuminate\Http\Request))
#13 /home/user/projects/laravel/Hotel/vendor/compiled.php(8995): App\Http\Middleware\RedirectIfAuthenticated->handle(Object(Illuminate\Http\Request), Object(Closure))
#14 [internal function]: Illuminate\Pipeline\Pipeline->Illuminate\Pipeline\{closure}(Object(Illuminate\Http\Request))
#15 /home/user/projects/laravel/Hotel/vendor/compiled.php(8986): call_user_func(Object(Closure), Object(Illuminate\Http\Request))
#16 /home/user/projects/laravel/Hotel/vendor/compiled.php(8385): Illuminate\Pipeline\Pipeline->then(Object(Closure))
#17 /home/user/projects/laravel/Hotel/vendor/compiled.php(8371): Illuminate\Routing\ControllerDispatcher->callWithinStack(Object(App\Http\Controllers\Auth\PasswordController), Object(Illuminate\Routing\Route), Object(Illuminate\Http\Request), 'postEmail')
#18 /home/user/projects/laravel/Hotel/vendor/compiled.php(7368): Illuminate\Routing\ControllerDispatcher->dispatch(Object(Illuminate\Routing\Route), Object(Illuminate\Http\Request), 'App\\Http\\Contro...', 'postEmail')
#19 /home/user/projects/laravel/Hotel/vendor/compiled.php(7339): Illuminate\Routing\Route->runWithCustomDispatcher(Object(Illuminate\Http\Request))
#20 /home/user/projects/laravel/Hotel/vendor/compiled.php(7005): Illuminate\Routing\Route->run(Object(Illuminate\Http\Request))
#21 [internal function]: Illuminate\Routing\Router->Illuminate\Routing\{closure}(Object(Illuminate\Http\Request))
#22 /home/user/projects/laravel/Hotel/vendor/compiled.php(9003): call_user_func(Object(Closure), Object(Illuminate\Http\Request))
#23 [internal function]: Illuminate\Pipeline\Pipeline->Illuminate\Pipeline\{closure}(Object(Illuminate\Http\Request))
#24 /home/user/projects/laravel/Hotel/vendor/compiled.php(8986): call_user_func(Object(Closure), Object(Illuminate\Http\Request))
#25 /home/user/projects/laravel/Hotel/vendor/compiled.php(7006): Illuminate\Pipeline\Pipeline->then(Object(Closure))
#26 /home/user/projects/laravel/Hotel/vendor/compiled.php(6995): Illuminate\Routing\Router->runRouteWithinStack(Object(Illuminate\Routing\Route), Object(Illuminate\Http\Request))
#27 /home/user/projects/laravel/Hotel/vendor/compiled.php(6980): Illuminate\Routing\Router->dispatchToRoute(Object(Illuminate\Http\Request))
#28 /home/user/projects/laravel/Hotel/vendor/compiled.php(1974): Illuminate\Routing\Router->dispatch(Object(Illuminate\Http\Request))
#29 [internal function]: Illuminate\Foundation\Http\Kernel->Illuminate\Foundation\Http\{closure}(Object(Illuminate\Http\Request))
#30 /home/user/projects/laravel/Hotel/vendor/compiled.php(9003): call_user_func(Object(Closure), Object(Illuminate\Http\Request))
#31 /home/user/projects/laravel/Hotel/vendor/compiled.php(2477): Illuminate\Pipeline\Pipeline->Illuminate\Pipeline\{closure}(Object(Illuminate\Http\Request))
#32 /home/user/projects/laravel/Hotel/app/Http/Middleware/VerifyCsrfToken.php(17): Illuminate\Foundation\Http\Middleware\VerifyCsrfToken->handle(Object(Illuminate\Http\Request), Object(Closure))
#33 /home/user/projects/laravel/Hotel/vendor/compiled.php(8995): App\Http\Middleware\VerifyCsrfToken->handle(Object(Illuminate\Http\Request), Object(Closure))
#34 /home/user/projects/laravel/Hotel/vendor/compiled.php(12131): Illuminate\Pipeline\Pipeline->Illuminate\Pipeline\{closure}(Object(Illuminate\Http\Request))
#35 /home/user/projects/laravel/Hotel/vendor/compiled.php(8995): Illuminate\View\Middleware\ShareErrorsFromSession->handle(Object(Illuminate\Http\Request), Object(Closure))
#36 /home/user/projects/laravel/Hotel/vendor/compiled.php(10833): Illuminate\Pipeline\Pipeline->Illuminate\Pipeline\{closure}(Object(Illuminate\Http\Request))
#37 /home/user/projects/laravel/Hotel/vendor/compiled.php(8995): Illuminate\Session\Middleware\StartSession->handle(Object(Illuminate\Http\Request), Object(Closure))
#38 /home/user/projects/laravel/Hotel/vendor/compiled.php(11837): Illuminate\Pipeline\Pipeline->Illuminate\Pipeline\{closure}(Object(Illuminate\Http\Request))
#39 /home/user/projects/laravel/Hotel/vendor/compiled.php(8995): Illuminate\Cookie\Middleware\AddQueuedCookiesToResponse->handle(Object(Illuminate\Http\Request), Object(Closure))
#40 /home/user/projects/laravel/Hotel/vendor/compiled.php(11786): Illuminate\Pipeline\Pipeline->Illuminate\Pipeline\{closure}(Object(Illuminate\Http\Request))
#41 /home/user/projects/laravel/Hotel/vendor/compiled.php(8995): Illuminate\Cookie\Middleware\EncryptCookies->handle(Object(Illuminate\Http\Request), Object(Closure))
#42 /home/user/projects/laravel/Hotel/vendor/compiled.php(2517): Illuminate\Pipeline\Pipeline->Illuminate\Pipeline\{closure}(Object(Illuminate\Http\Request))
#43 /home/user/projects/laravel/Hotel/vendor/compiled.php(8995): Illuminate\Foundation\Http\Middleware\CheckForMaintenanceMode->handle(Object(Illuminate\Http\Request), Object(Closure))
#44 [internal function]: Illuminate\Pipeline\Pipeline->Illuminate\Pipeline\{closure}(Object(Illuminate\Http\Request))
#45 /home/user/projects/laravel/Hotel/vendor/compiled.php(8986): call_user_func(Object(Closure), Object(Illuminate\Http\Request))
#46 /home/user/projects/laravel/Hotel/vendor/compiled.php(1930): Illuminate\Pipeline\Pipeline->then(Object(Closure))
#47 /home/user/projects/laravel/Hotel/vendor/compiled.php(1917): Illuminate\Foundation\Http\Kernel->sendRequestThroughRouter(Object(Illuminate\Http\Request))
#48 /home/user/projects/laravel/Hotel/public/index.php(53): Illuminate\Foundation\Http\Kernel->handle(Object(Illuminate\Http\Request))
#49 /home/user/projects/laravel/Hotel/server.php(21): require_once('/home/user/proj...')
#50 {main}  
